[  000000]nitializing cgroup subsys cpuset
[    0.000000] Initializing cgroup subsys cpu
[    0.000000] Initializing cgroup subsys cpuacct
[    0.000000] Linux version 4.4.0-112-generic (buildd@lgw01-amd64-010) (gcc version 5.4.0 20160609 (Ubuntu 5.4.0-6ubuntu1~16.04.5) ) #135-Ubuntu SMP Fri Jan 19 11:48:36 UTC 2018 (Ubuntu 4.40-112.135-generic 4.4.)
[   0.0000Comman le:BOOTMA=/bot/liuz-4.4-12-gerirootUIb6ad445ed-4331-ba6b-6e99a75fa48e ro console=tty1 console=ttyS0
[    0.000000] KERNEL supported cpus:
[    0.000000]   Intel GenuineIntel
[    0.000000]   AMD AuthenticAMD
[    0.000000]   Centaur CentaurHauls
[    0.000000] x86/fpu: xstate_offset[2]:  576, xstate_sizes[2]:  256
[    0.000000] x86/fpu: Supporting XSAVE feature 0x01: 'x87 floating point registers'
[    0.000000] x86/fpu: Supporting XSAVE feature 0x02: 'SSE registers'
[    0.000000] x86/fpu: Supporting XSAVE feature 0x04: 'AVX registers'
[    0.000000] x86/fpu: Enabled xstate features 0x7, context size is 832 bytes, using 'standard' format.
[    0.000000] x86/fpu: Using 'lazy' FPU context switches.
[    0.000000] e820: BIOS-provided physical RAM map:
[    0.000000] BIOS-e820: [mem 0x0000000000000000-0x000000000009fbff] usable
[    0.000000] BIOS-e820: [mem 0x000000000009fc00-0x000000000009ffff] reserved
[    0.000000] BIOS-e820: [mem 0x00000000000f0000-0x00000000ffff] eserved
[    0.000000] BIOS-e820: [mem 0x0000000000100000-0x000000005ffeffff] usable
[    0.000000] BIOS-e820: [mem 0x000000005fff0000-0x000000005fffffff] ACPI data
[    0.000000] BIOS-e820: [mem 0x00000000fffc0000-0x00000000ffffffff] reserved
[    0.000000] NX (Execute Disable) protection: active
[    0.000000] SMBIOS 2.5 present.
[    0.000000] Hypervisor detected: KVM
[    0.000000] e820: last_pfn = 0x5fff0 max_arch_pfn = 0x400000000
[    0.000000] MTRR: Disabled
[    0.000000] x86/PAT: MTRRs disabled, skipping PAT initialization too.
[    0.000000] CPU MTRRs all blank - virtualized system.
[    0.000000] x86/PAT: Configuration [0-7]: WB  WT  UC- UC  WB  WT  UC- UC  
[    0.000000] found SMP MP-table at [mem 0x0009fff0-0x0009ffff] mapped at [ffff88000009fff0]
[    0.000000] Scanning 1 areas for low memory corruption
[    0.000000] RAMDISK: [mem 0x3621e000-0x37106fff]
[    0.000000] ACPI: Early table checksum verification disabled
[    0.000000] ACPI: RSDP 0x00000000000E0000 000024 (v02 VBOX  )
[    0.000000] ACPI: XSDT 0x000000005FFF0030 00003C (v01 VBOX   VBOXXSDT 00000001 AS  00000061)
[    0.000000] ACPI: FACP 0x000000005FFF00F0 0000F4 (v04 VBOX   VBOXFACP 00000001 ASL  00000061)
[    0.000000] ACPI: DSDT 0x000000005FFF0470 002118 (v01 VBOX   VBOXBIOS 00000002 INTL 20160108)
[    0.000000] ACPI: FACS 0x000000005FFF0200 000040
[    0.000000] ACPI: FACS 0x000000005FFF0200 000040
[    0.000000] ACPI: APIC 0x000000005FFF0240 00005C (v02 VBOX   VBOXAPIC 00000001 ASL  00000061)
[    0.000000] ACPI: SSDT 0x000000005FFF02A0 0001CC (v01 VBOX   VBOXCPUT 00000002 INTL 20160108)
[    0.000000] No NUMA configuration found
[    0.000000] Faking a node at [mem 0x0000000000000000-0x0000000055ffeffff]
[    0.000000] NODE_DATA(0) allocated [mem 0x5ffeb000-0x5ffeffff]
[    0.000000] kvm-clock: Using msrs 4b564d01 and 4b564d00
[    0.000000] kvm-clock: cpu 0, msr 0:5ffe3001, primary cpu clock
[    0.000000] kvm-clock: using sched offset of 3062184795 cycles
[    0.000000] clocksource: kvm-clock: mask: 0xffffffffffffffff max_cycles: 0x1cd42e4dffb, max_idle_ns: 881590591483 ns
[    0.000000] Zone ranges:
[    0.000000]   DMA      [mem 0x0000000000001000-0x0000000000ffffff]
[    0.000000]   DMA32    [mem 0x0000000001000000-0x000000005ffeffff]
[    0.000000]   Normal   empty
[    0.000000]   Device   empty
[    0.000000] Movable zone start for each node
[    0.000000] Early memory node ranges
[    0.000000]   node   0: [mem 0x0000000000001000-0x000000000009efff]
[    0.000000]   node   0: [mem 0x0000000000100000-0x000000005ffeffff]
[    0.000000] Initmem setup node 0 [mem 0x0000000000001000-0x000000005ffeffff]
[    0.000000] ACPI: PM-Timer IO Port: 0x4008[   0.00000] IOAPIC[0]: apic_id 2, version 17, address 0xfec00000, GSI 0-23
[    0.000000] ACPI: INT_SRC_OVR (bus 0 bus_irq 0 global_irq 2 dfl dfl)
[    0.000000] ACPI: INT_SRC_OVR (bus 0 bus_irq 9 global_irq 9 high level)
[    0.000000] Using ACPI (MADT) for SMP configuration information    .000000] smpboot: Allowing 2 CPUs, 0 hotplug CPUs
[    0.000000] PM: Registered nosave memory: [mem 0x00000000-0x00000fff]
[    0.000000] PM: Registered nosave memory: [mem 0x0009f000-0x0009ffff]
[    0.000000] PM: Registered nosve memory: [mem 0x000a0000-0x000effff]
[    0.000000]PM: Reistered nosave memory: [mem 0x000f0000-0x000fffff]
[    0.000000] e820: [mem 0x60000000-0xfffbffff] available for PCI devices
[    0.000000] Booting paravirtualized kernel on KVM
[    0.000000] clocksource: refined-jiffies: mask: 0xffffffff max_cycles: 0xffffffff, max_idle_ns: 7645519600211568 ns
[    0.000000] setup_percpu: NR_CPUS:512 nr_cpumask_bits:512 nr_cpu_ids:2 nr_node_ids:1
[    0.000000] PERCPU: Embedded 34 pages/cpu @ffff88005fc00000 s99544 r8192 d31528 u1048576
[    0.000000] PV qspinlock hash table entries: 256 (order: 0, 4096 bytes)
[    0.000000] Built 1 zonelists in Node order, mobility grouping on.  Total pages: 386937
[    0.000000] Policy zone: DMA32
[    0.000000] Kernel command line: BOOT_IMAGE=/boot/vmlinuz-4.4.0-112-generic root=UUID=b6adc449-5e3d-4331-ba6b-6e99a75fa48e ro console=tty1 console=ttyS0
[    0.000000] PID hash table entries: 4096 (order: 3, 32768 bytes)
[    0.000000] Memory: 1513360K/1572408K available (8499K kernel code, 1309K rwdata, 3988K rodata, 1508K init, 1316K bss, 59048K reserved, 0K cma-reserved)
[    0.000000] SLUB: HWalign=64, Order=0-3, MinObjects=0, CPUs=2, Nodes=1
[    0.000000] Kernel/User page tables isolation: enabled
[    0.000000] Hierarchical RCU implementation.
[    0.000000] 	Build-time adjustment of leaf fanout to 64.
[    0.000000] 	RCU restricting CPUs from NR_CPUS=512 to nr_cpu_ids=2.
[    0.000000] RCU: Adjusting geometry for rcu_fanout_leaf=64, nr_cpu_ids=2
[    0.000000] NR_IRQS:33024 nr_irqs:440 16
[    0.000000] Console: colour VGA+ 80x25
[    0.000000] console [tty1] enabled
[    0.000000] console [ttyS0] enabled
[    0.000000] tsc: Detected 2494.224 MHz processor
[   .967196] Calibrating delay loop (skipped) preset value.. 4988.44 BogoMIPS (lpj=99768966)
[    0.994633] pid_max: default: 32768 minimum: 301
[    0.995549] ACPI: Core revision 20150930
[    0.997312] ACPI: 2 ACPI AML tables successfully acquired and loaded
[    0.999720] Security Framework initialized
[    1.000556] Yama: becoming mindful.
[    1.001322] AppArmor: AppArmor initialized
[    1.002750] Dentry cache hash table entries: 262144 (order: 9, 2097152 bytes)
[    1.047865] Inode-cache hash table entries: 131072 (order: 8, 1048576 bytes)
[    1.139179] Mount-cache hash table entries: 4096 (order: 3, 32768 bytes)
[    1.253035] Mountpoint-cache hash table entries: 4096 (order: 3, 32768 bytes)
[    1.396861] Initializing cgroup subsys io
[    1.486574] Initializing cgroup subsys memory
[    1.498344] Initializing cgroup subsys devices
[    1.586393] Initializing cgroup subsys freezer
[    1.593273] Initializing cgroup subsys net_cls
[    1.594236] Initializing cgroup subsys perf_event
[    1.694001] Initializing cgroup subsys net_prio
[    1.810673] Initializing cgroup subsys hugetlb
[    1.906160] Initializing cgroup subsys pids
[    1.915795] CPU: Physical Processor ID: 0
[    1.935708] CPU: Processor Core ID: 0
[    1.936583] FEATURE SPEC_CTRL Not Present
[    2.009438] mce: CPU supports 0 MCE banks
[    2.013170] Last level iTLB entries: 4KB 1024, 2MB 1024, 4MB 1024
[    2.162242] Last level dTLB entries: 4KB 1024, 2MB 1024, 4MB 1024, 1GB 4
[    2.294094] Freeing SMP alternatives memory: 32K
[    2.319334] ftrace: allocating 32180 entries in 126 pages
[    2.371870] smpboot: APIC(0) Converting physical 0 to logical package 0
[    2.482831] smpboot: Max logical packages: 1
[    2.610044] ..TIMER: vector=0x30 apic1=0 pin1=2 apic2=-1 pin2=-1
[    2.766238] smpboot: CPU0: Intel(R) Core(TM) i5-4300U CPU @ 1.90GHz (family: 0x6, model: 0x45, stepping: 0x1)
[    2.992699] Performance Events: unsupported p6 CPU model 69 no PMU driver, software events only.
[    3.076870] KVM setup paravirtual spinlock
[    3.079008] x86: Booting SMP configuration:
[    3.159044] .... node  #0, CPUs:      #1
[    3.203101] kvm-clock: cpu 1, msr 0:5ffe3041, secondary cpu clock
[    3.208496] mce: CPU supports 0 MCE banks
[    3.212583] x86: Booted up 1 node, 2 CPUs
[    3.247450] smpboot: Total of 2 processors activated (9976.89 BogoMIPS)
[    3.254065] devtmpfs: initialized
[    3.275292] evm: security.selinux
[    3.319564] evm: security.SMACK64
[    3.390723] evm: security.SMACK64EXEC
[    3.434171] evm: security.SMACK64TRANSMUTE
[    3.469580] evm: security.SMACK64MMAP
[    3.528034] evm: security.ima
[    3.576978] evm: security.capability
[    3.578101] clocksource: jiffies: mask: 0xffffffff max_cycles: 0xffffffff, max_idle_ns: 7645041785100000 ns
[    3.714553] futex hash table entries: 512 (order: 3, 32768 bytes)
[    3.847194] pinctrl core: initialized pinctrl subsystem
[    3.972411] RTC time:  4:35:01, date: 03/12/18
[    4.091900] NET: Registered protocol family 16
[    4.111896] cpuidle: using governor ladder
[    4.155800] cpuidle: using governor menu
[    4.189920] PCCT header not found.
[    4.207526] ACPI: bus type PCI registered
[    4.287679] acpiphp: ACPI Hot Plug PCI Controller Driver version: 0.5
[    4.453811] PCI: Using configuration type 1 for base access
[    4.529935] ACPI: Added _OSI(Module Device)
[    4.601956] ACPI: Added _OSI(Processor Device)
[    4.607245] ACPI: Added _OSI(3.0 _SCP Extensions)
[    4.611261] ACPI: Added _OSI(Processor Aggregator Device)
[    4.612895] ACPI: Executed 1 blocks of module-level executable AML code
[    4.624745] ACPI: Interpreter enabled
[    4.625423] ACPI: (supports S0 S5)
[    4.709774] ACPI: Using IOAPIC for interrupt routing
[    4.752258] PCI: Using host bridge windows from ACPI; if necessary, use "pci=nocrs" and report a bug
[    4.779085] ACPI: PCI Root Bridge [PCI0] (domain 0000 [bus 00-ff])
[    4.809804] acpi PNP0A03:00: _OSC: OS supports [ASPM ClockPM Segments MSI]
[    4.950769] acpi PNP0A03:00: _OSC failed (AE_NOT_FOUND); disabling ASPM
[    5.085305] acpi PNP0A03:00: fail to add MMCONFIG information, can't access extended PCI configuration space under this bridge.
[    5.224573] PCI host bridge to bus 0000:00
[    5.302871] pci_bus 0000:00: root bus resource [io  0x0000-0x0cf7 window]
[    5.329535] pci_bus 0000:00: root bus resource [io  0x0d00-0xffff window]
[    5.330776] pci_bus 0000:00: root bus resource [mem 0x000a0000-0x000bffff window]
[    5.333877] pci_bus 0000:00: root bus resource [mem 0x60000000-0xffdfffff window]
[    5.390461] pci_bus 0000:00: root bus resource [bus 00-ff]
[    5.438925] pci 0000:00:01.1: legacy IDE quirk: reg 0x10: [io  0x01f0-0x01f7]
[    5.441279] pci 0000:00:01.1: legacy IDE quirk: reg 0x14: [io  0x03f6]
[    5.442522] pci 0000:00:01.1: legacy IDE quirk: reg 0x18: [io  0x0170-0x0177]
[    5.443773] pci 0000:00:01.1: legacy IDE quirk: reg 0x1c: [io  0x0376]
[    5.482667] ACPI: PCI Interrupt Link [LNKA] (IRQs 5 9 10 11) *0, disabled.
[    5.493068] ACPI: PCI Interrupt Link [LNKB] (IRQs 5 9 10 *11)
[    5.546488] ACPI: PCI Interrupt Link [LNKC] (IRQs 5 9 *10 11)
[    5.632835] ACPI: PCI Interrupt Link [LNKD] (IRQs 5 *9 10 11)
[    5.768348] ACPI: Enabled 2 GPEs in block 00 to 07
[    5.859490] vgaarb: setting as boot device: PCI:0000:00:02.0
[    5.978781] vgaarb: device added: PCI:0000:00:02.0,decodes=io+mem,owns=io+mem,locks=none
[    6.050883] vgaarb: loaded
[    6.056824] vgaarb: bridge control possible 0000:00:02.0
[    6.058127] SCSI subsystem initialized
[    6.060157] ACPI: bus type USB registered
[    6.164441] usbcore: registered new interface driver usbfs
[    6.211764] usbcore: registered new interface driver hub
[    6.333445] usbcore: registered new device driver usb
[    6.362457] PCI: Using ACPI for IRQ routing
[    6.381099] NetLabel: Initializing
[    6.425031] NetLabel:  domain hash size = 128
[    6.440687] NetLabel:  protocols = UNLABELED CIPSOv4
[    6.442756] NetLabel:  unlabeled traffic allowed by default
[    6.570258] amd_nb: Cannot enumerate AMD northbridges
[    6.573806] clocksource: Switched to clocksource kvm-clock
[   6.38] pprm: pprmr ilesystem Enabled
[   .962 p: P PIni
[  7834]npPnAC: un3 vies

[    7.786168] clocksource: acpi_pm: mask: 0xffffff max_cycles: 0xffffff, max_idle_ns: 2085701024 ns
[    7.905776] NET: Registered protocol family 2
[    7.914816] TCP established hash table entries: 16384 (order: 5, 131072 bytes)
[    7.918794] TCP bind hash table entries: 16384 (order: 6, 262144 bytes)
[    7.921593] TCP: Hash tables configured (established 16384 bind 16384)
[    7.922822] UDP hash table entries: 1024 (order: 3, 32768 bytes)
[    7.923946] UDP-Lite hash table entries: 1024 (order: 3, 32768 bytes)
[    7.926446] NET: Registered protocol family 1
[    7.929291] pci 0000:00:00.0: Limiting direct PCI/PCI transfers
[    7.930423] pci 0000:00:01.0: Activating ISA DMA hang workarounds
[    7.932833] Unpacking initramfs...
[    8.147140] Freeing initrd memory: 15268K
[    8.164555] RAPL PMU detected, API unit is 2^-32 Joules, 4 fixed counters 10737418240 ms ovfl timer
[    8.347677] hw unit of domain pp0-core 2^-0 Joules
[    8.451692] hw unit of domain package 2^-0 Joules
[    8.518232] hw unit of domain dram 2^-0 Joules
[    8.533210] hw unit of domain pp1-gpu 2^-0 Joules
[    8.535344] platform rtc_cmos: registered platform RTC device (no PNP device found)
[    8.554100] Scanning for low memory corruption every 60 seconds
[    8.706624] audit: initializing netlink subsys (disabled)
[    8.742494] audit: type=2000 audit(1520829304.379:1): initialized
[    8.744399] Initialise system trusted keyring
[    8.745938] HugeTLB registered 2 MB page size, pre-allocated 0 pages
[    8.749791] zbud: loaded
[    8.766308] VFS: Disk quotas dquot_6.6.0
[    8.774178] VFS: Dquot-cache hash table entries: 512 (order 0, 4096 bytes)
[    8.778210] squashfs: version 4.0 (2009/01/31) Phillip Lougher
[    8.781121] fuse init (API version 7.23)
[    8.862118] Key type big_key registered
[    8.973721] Allocating IMA MOK and blacklist keyrings.
[    9.076151] Key type asymmetric registered
[    9.079171] Asymmetric key parser 'x509' registered
[    9.081439] Block layer SCSI generic (bsg) driver version 0.4 loaded (major 249)
[    9.085272] io scheduler noop registered
[    9.089248] io scheduler deadline registered (default)
[    9.090316] io scheduler cfq registered
[    9.092531] pci_hotplug: PCI Hot Plug PCI Core version: 0.5
[    9.095386] pciehp: PCI Express Hot Plug Controller Driver version: 0.4
[    9.096713] ACPI: AC Adapter [AC] (on-line)
[    9.098943] input: Power Button as /devices/LNXSYSTM:00/LNXPWRBN:00/input/input0
[    9.102777] ACPI: Power Button [PWRF]
[    9.105241] input: Sleep Button as /devices/LNXSYSTM:00/LNXSLPBN:00/input/input1
[    9.109156] ACPI: Sleep Button [SLPF]
[    9.110235] GHES: HEST is not enabled!
[    9.110866] ACPI: Battery Slot [BAT0] (battery present)
[    9.114355] Serial: 8250/16550 driver, 32 ports, IRQ sharing enabled
[    9.138216] 00:02: ttyS0 at I/O 0x3f8 (irq = 4, base_baud = 115200) is a 16550A
[    9.142133] Linux agpgart interface v0.103
[    9.147235] loop: module loaded
[    9.150622] scsi host0: ata_piix
[    9.153354] scsi host1: ata_piix
[    9.156381] ata1: PATA max UDMA/33 cmd 0x1f0 ctl 0x3f6 bmdma 0xd000 irq 14
[    9.271245] ata2: PATA max UDMA/33 cmd 0x170 ctl 0x376 bmdma 0xd008 irq 15
[    9.375348] libphy: Fixed MDIO Bus: probed
[    9.377312] tun: Universal TUN/TAP device driver, 1.6
[    9.380339] tun: (C) 1999-2004 Max Krasnyansky <maxk@qualcomm.com>
[    9.381539] PPP generic driver version 2.4.2
[    9.383805] ehci_hcd: USB 2.0 'Enhanced' Host Controller (EHCI) Driver
[    9.387256] ehci-pci: EHCI PCI platform driver
[    9.388181] ehci-platform: EHCI generic platform driver
[    9.389191] ohci_hcd: USB 1.1 'Open' Host Controller (OHCI) Driver
[    9.391915] ohci-pci: OHCI PCI platform driver
[    9.392828] ohci-platform: OHCI generic platform driver
[    9.393847] uhci_hcd: USB Universal Host Controller Interface driver
[    9.395103] i8042: PNP: PS/2 Controller [PNP0303:PS2K,PNP0f03:PS2M] at 0x60,0x64 irq 1,12
[    9.400489] serio: i8042 KBD port at 0x60,0x64 irq 1
[    9.403008] serio: i8042 AUX port at 0x60,0x64 irq 12
[    9.404098] mousedev: PS/2 mouse device common for all mice
[    9.406774] rtc_cmos rtc_cmos: rtc core: registered rtc_cmos as rtc0
[    9.409664] rtc_cmos rtc_cmos: alarms up to one day, 114 bytes nvram
[    9.414428] i2c /dev entries driver
[    9.415349] input: AT Translated Set 2 keyboard as /devices/platform/i8042/serio0/input/input2
[    94183 dicmaeruentveio 1.03
[    9.899137] tsc: Refined TSC clocksource calibration: 2494.755 MHz
[    9.900299] clocksource: tsc: mask: 0xffffffffffffffff max_cycles: 0x23f5df32413, max_idle_ns: 440795261840 ns
[    9.903480] device-mapper: ioctl: 4.34.0-ioctl (2015-10-28) initialised: dm-devel@redhat.com
[    9.907908] ledtrig-cpu: registered to indicate activity on CPUs
[    9.909826] NET: Registered protocol family 10
[    9.935747] NET: Registered protocol family 17
[    9.938436] Key type dns_resolver registered
[    9.940718] microcode: CPU0 sig=0x40651, pf=0x40, revision=0x0
[    9.999319] microcode: CPU1 sig=0x40651, pf=0x40, revision=0x0
[   10.000467] microcode: Microcode Update Driver: v2.01 <tigran@aivazian.fsnet.co.uk>, Peter Oruba
[   10.005191] registered taskstats version 1
[   10.007156] Loading compiled-in X.509 certificates
[   10.010017] Loaded X.509 cert 'Build time autogenerated kernel key: 4c603087bab8f0a02cb3b4e1fb4c40f507e71ef1'
[   10.013532] zswap: loaded using pool lzo/zbud
[   10.017980] Key type trusted registered
[   10.035804] Key type encrypted registered
[   10.148103] AppArmor: AppArmor sha1 policy hashing enabled
[   10.231232] ima: No TPM chip found, activating TPM-bypass!
[   10.234774] evm: HMAC attrs: 0x1
[   10.254266]   Magic number: 10:333:565
[   10.257334] rtc_cmos rtc_cmos: setting system clock to 2018-03-12 04:35:07 UTC (1520829307)
[   10.259213] BIOS EDD facility v0.16 2004-Jun-25, 0 devices found
[   10.262357] EDD information not available.
[   10.268101] Freeing unused kernel memory: 1508K
[   10.270111] Write protecting the kernel read-only data: 14336k
[   10.271842] Freeing unused kernel memory: 1728K
[   10.276835] Freeing unused kernel memory: 108K
Loading, please wait...
starting version[   10.298482] random: systemd-udevd: uninitialized urandom read (16 bytes read, 2 bits of entropy available)
 229
[   10.299260] random: udevadm: uninitialized urandom read (16 bytes read, 2 bits of entropy available)
[   10.299286] random: udevadm: uninitialized urandom read (16 bytes read, 2 bits of entropy available)
[   10.312963] random: udevadm: uninitialized urandom read (16 bytes read, 2 bits of entropy available)
[   10.313021] random: udevadm: uninitialized urandom read (16 bytes read, 2 bits of entropy available)
[   10.313235] random: udevadm: uninitialized urandom read (16 bytes read, 2 bits of entropy available)
[   10.313315] random: udevadm: uninitialized urandom read (16 bytes read, 2 bits of entropy available)
[   10.313395] random: udevadm: uninitialized urandom read (16 bytes read, 2 bits of entropy available)
[   10.313473] random: udevadm: uninitialized urandom read (16 bytes read, 2 bits of entropy available)
[   10.313552] random: udevadm: uninitialized urandom read (16 bytes read, 2 bits of entropy available)
[   10.616724] e1000: Intel(R) PRO/1000 Network Driver - version 7.3.21-k8-NAPI
[   10.616730] Fusion MPT base driver 3.04.20
[   10.616730] Copyright (c) 1999-2008 LSI Corporation
[   10.778577] e1000: Copyright (c) 1999-2006 Intel Corporation.
[   10.839551] Fusion MPT SPI Host driver 3.04.20
[   10.858701] mptbase: ioc0: Initiating bringup
[   10.883540] AVX version of gcm_enc/dec engaged.
[   10.942946] AES CTR mode by8 optimization enabled
[   11.038125] ioc0: LSI53C1030 A0: Capabilities={Initiator}
[   11.059657] input: ImExPS/2 Generic Explorer Mouse as /devices/platform/i8042/serio1/input/input4
[   11.210315] scsi host2: ioc0: LSI53C1030 A0, FwRev=00000000h, Ports=1, MaxQ=256, IRQ=20
[   11.330582] scsi 2:0:0:0: Direct-Access     VBOX     HARDDISK         1.0  PQ: 0 ANSI: 5
[   11.419657] scsi target2:0:0: Beginning Domain Validation
[   11.439023] scsi target2:0:0: Domain Validation skipping write tests
[   11.479006] scsi target2:0:0: Ending Domain Validation
[   11.511286] scsi target2:0:0: asynchronous
[   11.540542] scsi 2:0:1:0: Direct-Access     VBOX     HARDDISK         1.0  PQ: 0 ANSI: 5
[   11.591772] scsi target2:0:1: Beginning Domain Validation
[   11.634851] scsi target2:0:1: Domain Validation skipping write tests
[   11.685855] e1000 0000:00:03.0 eth0: (PCI:33MHz:32-bit) 02:1f:2a:60:99:e3
[   11.685860] e1000 0000:00:03.0 eth0: Intel(R) PRO/1000 Network Connection
[   11.721335] scsi target2:0:1: Ending Domain Validation
[   11.722488] e1000 0000:00:03.0 enp0s3: renamed from eth0
[   11.722631] scsi target2:0:1: asynchronous
[   11.763097] sd 2:0:0:0: [sda] 20971520 512-byte logical blocks: (10.7 GB/10.0 GiB)
[   11.863558] sd 2:0:0:0: Attached scsi generic sg0 type 0
[   11.960573] sd 2:0:0:0: [sda] Write Protect is off
[   11.993769] sd 2:0:1:0: [sdb] 20480 512-byte logical blocks: (10.5 MB/10.0 MiB)
[   11.996111] sd 2:0:1:0: Attached scsi generic sg1 type 0
[   12.048078] sd 2:0:0:0: [sda] Incomplete mode parameter data
[   12.052712] sd 2:0:0:0: [sda] Assuming drive cache: write through
[   12.054083] sd 2:0:1:0: [sdb] Write Protect is off
[   12.057969] sd 2:0:1:0: [sdb] Incomplete mode parameter data
[   12.060702] sd 2:0:1:0: [sdb] Assuming drive cache: write through
[   12.062939]  sda: sda1
[   12.066191] sd 2:0:0:0: [sda] Attached SCSI disk
[   12.069771] sd 2:0:1:0: [sdb] Attached SCSI disk
[   13.842789] floppy0: no floppy controllers found
Begin: Loading e[   15.463302] md: linear personality registered for level -1
ssential drivers ... [   15.470659] md: multipath personality registered for level -4
[   15.508933] md: raid0 personality registered for level 0
[   15.628811] md: raid1 personality registered for level 1
[   15.878351] raid6: sse2x1   gen()  8490 MB/s
[   15.982345] raid6: sse2x1   xor()  6849 MB/s
[   16.058106] raid6: sse2x2   gen() 11291 MB/s
[   16.126325] raid6: sse2x2   xor()  7458 MB/s
[   16.289883] raid6: sse2x4   gen() 11086 MB/s
[   16.394130] raid6: sse2x4   xor()  8784 MB/s
[   16.504992] raid6: using algorithm sse2x2 gen() 11291 MB/s
[   16.506186] raid6: .... xor() 7458 MB/s, rmw enabled
[   16.508686] raid6: using ssse3x2 recovery algorithm
[   16.511710] xor: automatically using best checksumming function:
[   16.641825]    avx       : 17615.000 MB/sec
[   16.760341] async_tx: api initialized (async)
[   16.835364] md: raid6 personality registered for level 6
[   16.916418] md: raid5 personality registered for level 5
[   16.919893] md: raid4 personality registered for level 4
[   16.928138] md: raid10 personality registered for level 10
done.
Begin: Running /scripts/init-premount ... done.
Begin: Mounting root file system ... Begin: Running /scripts/local-top ... done.
Begin: Running /scripts/loca[   16.974759] Btrfs loaded
l-premount ... Scanning for Btrfs filesystems
done.
Warning: fsck not present, so sk[   17.074372] EXT4-fs (sda1): mounted filesystem with ordered data mode. Opts: (null)
ipping root file system
done.
Begin: Running /scripts/local-bottom ... done.
Begin: Running /scripts/init-bottom ... done.
[   17.216298] systemd[1]: systemd 229 running in system mode. (+PAM +AUDIT +SELINUX +IMA +APPARMOR +SMACK +SYSVINIT +UTMP +LIBCRYPTSETUP +GCRYPT +GNUTLS +ACL +XZ -LZ4 +SECCOMP +BLKID +ELFUTILS +KMOD -IDN)
[   17.421534] systemd[1]: Detected virtualization oracle.
[   17.559383] systemd[1]: Detected architecture x86-64.

Welcome to [1mUbuntu 16.04.4 LTS[0m!

[ 177265] systemd[1]: Set hostname to <ubuntu-xenial>.
[   18.123495] systemd[1]: Listening on Syslog Socket.
[[0;32m  OK  [0m] Listening on Syslog Socket.
[ 189087] ysem[1: iseng n ournal Socket.

[[0;32m  OK  [0m] Listening on Journal Socket.
[   18.654614] systemd[1]: Listening on udev Control Socket.
[[0;32m  OK  [0m] Listening on udev Control Socket.
[   18.671920] systemd[1]: Reached target Swap.
[[0;32m  OK  [0m] Reached target Swap.
[   18.772644] systemd[1]: Listening on /dev/initctl Compatibility Named Pipe.
[[0;32m  OK  [0m] Listening on /dev/initctl Compatibility Named Pipe.
[   18.953805] systemd[1]: Created slice System Slice.
[[0;32m  OK  [0m] Created slice System Slice.
[   19.054241] systemd[1]: Starting Nameserver information manager...
         Starting Nameserver information manager...
[   19.122599] systemd[1]: Starting Create list of required static device nodes for the current kernel...
         Starting Create list of required st... nodes for the current kernel...
[   19.183675] systemd[1]: Starting Remount Root and Kernel File Systems...
         Starting Remount Root and Kernel File Systems...
[   19.192546] systemd[1]: Listening on LVM2 metadata daemon socket.
[[0;32m  OK  [0m] Listening on LVM2 metadata da[   19.343441] EXT4-fs (sda1): re-mounted. Opts: (null)
emon socket.
[   19.390526] systemd[1]: Created slice User and Session Slice.
[[0;32m  OK  [0m] Created slice User and Session Slice.
[   19.480102] systemd[1]: Started Trigger resolvconf update for networkd DNS.
[[0;32m  OK  [0m] Started Trigger resolvconf update for networkd DNS.
[   19.521959] systemd[1]: Mounting Huge Pages File System...
         Mounting Huge Pages File System...
[   19.682268] systemd[1]: Starting Set console keymap...
         Starting Set console keymap...
[   19.762143] systemd[1]: Mounting Debug File System...
         Mounting Debug File System...
[   19.8937] systemd[1]: Reached target Slices.
[[0;32m  OK  [0m] Reached target Slices.
[   199021 ste[1 Ltengn M2oldamon scket.
[[0;32m  OK  [0m] Listening on LVM2 poll daemon socket.
[  2.53403 sstemd[1]: isenngon udev erl Socket.
[[0;32m  OK  [0m] Listening on udev Kernel Socket.
[  20.853385] systemd[1]: Listening on Device-mapper event daemon FIFOs.
[[0;32m  OK  [0m] Listening on Device-mapper event daemon FIFOs.
[   20.914136] systemd[1]: Starting Monitoring of LVM2 mirrors, snapshots etc. using dmeventd or progress polling...
[   21.056626] random: nonblocking pool is initialized
         Starting Monitoring of LVM2 mirrors... dmeventd or progress polling...
[   21.126247] systemd[1]: Starting Load Kernel Modules...
         Starting Load Kernel Modules...
[   21.213926] systemd[1]: Set up automount Arbitrary Executable File Formats File System Automount Point.
[[0;32m  OK  [0[   21.259035] Loading iSCSI transport class v2.0-870.
m] Set up automount Arbitrary Executab...ats Fil[   21.447848] iscsi: registered transport (tcp)
e System Automount Point.
[   21.554253] systemd[1]: Listening on Journal Audit Socket.
[[0;32m  OK  [0m] Listening on Journal Audit Socket.
[   21.662901] iscsi: registered transport (iser)
[   21.731243] systemd[1]: Created slice system-postgresql.slice.
[[0;32m  OK  [0m] Created slice system-postgresql.slice.
[   21.742703] systemd[1]: Reached target Encrypted Volumes.
[[0;32m  OK  [0m] Reached target Encrypted Volumes.
[   21.765960] systemd[1]: Mounting POSIX Message Queue File System...
         Mounting POSIX Message Queue File System...
[   21.794244] systemd[1]: Listening on Journal Socket (/dev/log).
[[0;32m  OK  [0m] Listening on Journal Socket (/dev/log).
[   21.814044] systemd[1]: Starting Journal Service...
         Starting Journal Service...
[   21.843149] systemd[1]: Starting Uncomplicated firewall...
         Starting Uncomplicated firewall...
[   21.873984] systemd[1]: Reached target User and Group Name Lookups.
[[0;32m  OK  [0m] Reached target User and Group Name Lookups.
[   21.882117] systemd[1]: Started Forward Password Requests to Wall Directory Watch.
[[0;32m  OK  [0m] Started Forward Password Requests to Wall Directory Watch.
[   21.898535] systemd[1]: Created slice system-serial\x2dgetty.slice.
[[0;32m  OK  [0m] Created slice system-serial\x2dgetty.slice.
[   21.915236] systemd[1]: Mounted Huge Pages File System.
[[0;32m  OK  [0m] Mounted Huge Pages File System.
[   21.938171] systemd[1]: Mounted Debug File System.
[[0;32m  OK  [0m] Mounted Debug File System.
[   22.014013] systemd[1]: Mounted POSIX Message Queue File System.
[[0;32m  OK  [0m] Mounted POSIX Message Queue File System.
[   22.026157] systemd[1]: Started Journal Service.
[[0;32m  OK  [0m] Started Journal Service.
[[0;32m  OK  [0m] Started Create list of required sta...ce nodes for the current kernel.
[[0;32m  OK  [0m] Started Remount Root and Kernel File Systems.
[[0;32m  OK  [0m] Started Set console keymap.
[[0;32m  OK  [0m] Started Load Kernel Modules.
[[0;32m  OK  [0m] Started Uncomplicated firewall.
[[0;32m  OK  [0m] Started Nameserver information manager.
[[0;32m  OK  [0m] Started LVM2 metadata daemon.
         Mounting FUSE Control File System...
         Starting Apply Kernel Variables...
         Starting Load/Save Random Seed...
         Starting Initial cloud-init job (pre-networking)...
         Starting udev Coldplug all Devices...
         Starting Create Static Device Nodes in /dev...
         Starting Flush Journal to Persistent Storage...
[[0;32m  OK  [0m] Mounted FUSE Control File System.
[[0;32m  OK  [0m] Started Apply Kernel Variables.
[[0;32m  OK  [0m] Started Load/Save Random Seed.
[[0;32m  OK  [0m] Started Create Static Device Nodes in /dev.
[[0;32m  OK  [0m] Started udev Coldplug all Devices.
[[0;32m  OK  [0m] Started Flush Journal to Persistent Storage.
         Starting udev Kernel Device Manager...
[[0;32m  OK  [0m] Started udev Kernel Device Manager.
[[0;32m  OK  [0m] Started Monitoring of LVM2 mirrors,...ng dmeventd or progress polling.
[[0;32m  OK  [0m] Started Dispatch Password Requests to Console Directory Watch.
[[0;32m  OK  [0m] Reached target Local File Systems (Pre).
[[0;32m  OK  [0m] Reached target Local File Systems.
         Starting Tell Plymouth To Write Out Runtime Data...
         Starting LSB: AppArmor initialization...
         Starting Set console font and keymap...
         Starting Create Volatile Files and Directories...
[[0;32m  OK  [0m] Started Tell Plymouth To Write Out Runtime Data.
[[0;32m  OK  [0m] Started Create Volatile Files and Directories.
[[0;32m  OK  [0m] Found device /dev/ttyS0.
[[0;32m  OK  [0m] Reached target System Time Synchronized.
         Starting Update UTMP about System Boot/Shutdown...
[[0;32m  OK  [0m] Started LSB: AppArmor initialization.
[[0;32m  OK  [0m] Started Update UTMP about System Boot/Shutdown.
[[0;32m  OK  [0m] Listening on Load/Save RF Kill Switch Status /dev/rfkill Watch.
[   17.664979] cloud-init[459]: Cloud-init v. 17.2 running 'init-local' at Mon, 12 Mar 2018 04:35:20 +0000. Up 17.09 seconds.
[[0;32m  OK  [0m] Found device 82540EM Gigabit Ethern...r (PRO/1000 MT Desktop Adapter).
[[0;32m  OK  [0m] Started Set console font and keymap.
[[0;32m  OK  [0m] Started Initial cloud-init job (pre-networking).
[[0;32m  OK  [0m] Reached target Network (Pre).
         Starting Raise network interfaces...
[[0;32m  OK  [0m] Started ifup for enp0s3.
[[0;32m  OK  [0m] Created slice system-getty.slice.
[[0;32m  OK  [0m] Started Raise network interfaces.
[[0;32m  OK  [0m] Reached target Network.
         Starting Initial cloud-init job (metadata service crawler)...
[   20.655209] cloud-init[973]: Cloud-init v. 17.2 running 'init' at Mon, 12 Mar 2018 04:35:23 +0000. Up 20.33 seconds.
[   20.683623] cloud-init[973]: ci-info: +++++++++++++++++++++++++++++++++++++Net device info++++++++++++++++++++++++++++++++++++++
[   20.694599] cloud-init[973]: ci-info: +--------+------+----------------------------+---------------+-------+-------------------+
[   20.712453] [cloud-init[0;32m  OK  [0m[973]: ] ci-info: | Device |  Up  |          Address           |      Mask     | Scope |     Hw-Address    |Started Initial cloud-init job (metadata service crawler).

[   20.713058] cloud-init[973]: ci-info: +--------+------+----------------------------+---------------+-------+-------------------+
[   20.728216] cloud-init[973]: ci-info: | enp0s3 | True |         10.0.2.15          | 255.255.255.0 |   .   | 02:1f:2a:60:99:e3 |
[   20.731484] cloud-init[973]: ci-info: | enp0s3 | True | fe80::1f:2aff:fe60:99e3/64 |       .       |  link | 02:1f:2a:60:99:e3 |
[   20.733181] cloud-init[973]: ci-info: |   lo   | True |         127.0.0.1          |   255.0.0.0   |   .   |         .         |
[   20.744350] [cloud-init[0;32m  OK  [0m[973]: ] ci-info: |   lo   | True |          ::1/128           |       .       |  host |         .         |Reached target Cloud-config availability.

[   20.744941] [cloud-init[0;32m  OK  [0m[973]: ] ci-info: +--------+------+----------------------------+---------------+-------+-------------------+Reached target System Initialization.

[   20.748765] [cloud-init[0;32m  OK  [0m[973]: ] ci-info: +++++++++++++++++++++++++++Route IPv4 info++++++++++++++++++++++++++++Listening on D-Bus System Message Bus Socket.

[   20.752550]          cloud-initStarting Socket activation for snappy daemon.[973]: 
ci-info: +-------+-------------+----------+---------------+-----------+-------+
[   20.884386]          cloud-initStarting LXD - unix socket.[973]: 
ci-info: | Route | Destination | Gateway  |    Genmask    | Interface | Flags |
[   20.887710] [[0;32m  OK  [0m] Listening on ACPID Listen Socket.
cloud-init[973]: ci-info: +-------+-------------+----------+---------------+-----------+-------+
[   20.897427] [cloud-init[0;32m  OK  [0m[973]: ] ci-info: |   0   |   0.0.0.0   | 10.0.2.2 |    0.0.0.0    |   enp0s3  |   UG  |Listening on UUID daemon activation socket.

[   20.897865] cloud-init[973]: ci-info: |   1   |   10.0.2.0  | 0.0.0.0  | 255.255.255.0 |   enp0s3  |   U   |
[   20.912973] [cloud-init[0;32m  OK  [0m[973]: ] ci-info: +-------+-------------+----------+---------------+-----------+-------+Started Daily apt download activities.

[[0;32m  OK  [0m] Started Daily apt upgrade and clean activities.
[[0;32m  OK  [0m] Started ACPI Events Check.
[[0;32m  OK  [0m] Reached target Paths.
[[0;32m  OK  [0m] Started Timer to automatically refresh installed snaps.
[[0;32m  OK  [0m] Started Daily Cleanup of Temporary Directories.
[[0;32m  OK  [0m] Reached target Timers.
[[0;32m  OK  [0m] Reached target Network is Online.
         Starting iSCSI initiator daemon (iscsid)...
[[0;32m  OK  [0m] Listening on Socket activation for snappy daemon.
[[0;32m  OK  [0m] Listening on LXD - unix socket.
[[0;32m  OK  [0m] Reached target Sockets.
[[0;32m  OK  [0m] Reached target Basic System.
[[0;32m  OK  [0m] Started Regular background program processing daemon.
[[0;32m  OK  [0m] Started Unattended Upgrades Shutdown.
         Starting Apply the settings specified in cloud-config...
         Starting Login Service...
         Starting LSB: Record successful boot for GRUB...
[[0;32m  OK  [0m] Started ACPI event daemon.
         Starting /etc/rc.local Compatibility...
         Starting PostgreSQL Cluster 9.5-main...
         Starting OpenBSD Secure Shell server...
[[0;32m  OK  [0m] Started Deferred execution scheduler.
         Starting LXD - container startup/shutdown...
         Starting Accounts Service...
         Starting System Logging Service...
         Starting LSB: MD monitoring daemon...
[[0;32m  OK  [0m] Started FUSE filesystem for LXC.
[[0;32m  OK  [0m] Started D-Bus System Message Bus.
         Starting Snappy daemon...
[[0;32m  OK  [0m] Started OpenBSD Secure Shell server.
[[0;32m  OK  [0m] Started System Logging Service.
[[0;32m  OK  [0m] Started iSCSI initiator daemon (iscsid).
[[0;32m  OK  [0m] Started /etc/rc.local Compatibility.
[[0;32m  OK  [0m] Started LXD - container startup/shutdown.
[[0;32m  OK  [0m] Started Snappy daemon.
[[0;32m  OK  [0m] Started LSB: Record successful boot for GRUB.
[   21.840199] cloud-init[1031]: Cloud-init v. 17.2 running 'modules:config' at Mon, 12 Mar 2018 04:35:24 +0000. Up 21.61 seconds.
[[0;32m  OK  [0m] Started LSB: MD monitoring daemon.
[[0;32m  OK  [0m] Started Apply the settings specified in cloud-config.
[[0;32m  OK  [0m] Started Login Service.
         Starting Authenticate and Authorize Users to Run Privileged Tasks...
         Starting Login to default iSCSI targets...
[[0;32m  OK  [0m] Started Authenticate and Authorize Users to Run Privileged Tasks.
[[0;32m  OK  [0m] Started Accounts Service.
[[0;32m  OK  [0m] Started Login to default iSCSI targets.
[[0;32m  OK  [0m] Reached target Remote File Systems (Pre).
[[0;32m  OK  [0m] Reached target Remote File Systems.
         Starting LSB: Start/stop sysstat's sadc...
         Starting LSB: VirtualBox Linux Additions...
         Starting Permit User Sessions...
         Starting LSB: automatic crash report generation...
         Starting LSB: daemon to balance interrupts for SMP systems...
         Starting LSB: Set the CPU Frequency Scaling governor to "ondemand"...
[[0;32m  OK  [0m] Started Permit User Sessions.
[[0;32m  OK  [0m] Started LSB: Start/stop sysstat's sadc.
[[0;32m  OK  [0m] Created slice User Slice of vagrant.
[[0;32m  OK  [0m] Started Session 1 of user vagrant.
         Starting User Manager for UID 1000...
         Starting Hold until boot process finishes up...
         Starting Terminate Plymouth Boot Screen...
[[0;32m  OK  [0m] Started User Manager for UID 1000.
[[0;32m  OK  [0m] Started LSB: VirtualBox Linux Additions.
[[0;32m  OK  [0m] Started LSB: automatic crash report generation.
[[0;32m  OK  [0m] Started LSB: daemon to balance interrupts for SMP systems.
[[0;32m  OK  [0m] Started LSB: Set the CPU Frequency Scaling governor to "ondemand".
[[0;32m  OK  [0m] Started Hold until boot process finishes up.
[[0;32m  OK  [0m] Started Terminate Plymouth Boot Screen.
[[0;32m  OK  [0m] Started Serial Getty on ttyS0.
[[0;32m  OK  [0m] Started Getty on tty1.
[[0;32m  OK  [0m] Reached target Login Prompts.
         Starting Set console scheme...
[[0;32m  OK  [0m] Started Set console scheme.
[[0;32m  OK  [0m] Started PostgreSQL Cluster 9.5-main.
         Starting PostgreSQL RDBMS...
[[0;32m  OK  [0m] Started PostgreSQL RDBMS.
[[0;32m  OK  [0m] Reached target Multi-User System.
         Starting Execute cloud user/final scripts...
[[0;32m  OK  [0m] Reached target Graphical Interface.
         Starting Update UTMP about System Runlevel Changes...
[[0;32m  OK  [0m] Started Update UTMP about System Runlevel Changes.
[   24.071305] cloud-init[1312]: Cloud-init v. 17.2 running 'modules:final' at Mon, 12 Mar 2018 04:35:27 +0000. Up 23.92 seconds.
[   24.096755] cloud-init[1312]: Cloud-init v. 17.2 finished at Mon, 12 Mar 2018 04:35:27 +0000. Datasource DataSourceNoCloud [seed=/dev/sdb][dsmode=net].  Up 24.06 seconds
[[0;32m  OK  [0m] Started Execute cloud user/final scripts.
[[0;32m  OK  [0m] Reached target Cloud-init target.

Ubuntu 16.04.4 LTS ubuntu-xenial ttyS0

ubuntu-xenial login: 